2026-07-17 20:12:42,990 [INFO] hwmonitor: App dir: C:\Users\Jweda\Desktop\projects\monitor tool\build
2026-07-17 20:12:42,990 [INFO] hwmonitor: Python: 3.12.10 (tags/v3.12.10:0cc8128, Apr  8 2025, 12:21:36) [MSC v.1943 64 bit (AMD64)]
2026-07-17 20:12:42,990 [INFO] hwmonitor: Frozen: False
2026-07-17 20:12:43,090 [INFO] hwmonitor: Config loaded. Starting Hardware Monitor...
2026-07-17 20:12:43,090 [INFO] hwmonitor: Creating MainWindow...
2026-07-17 20:12:43,187 [INFO] hwmonitor: MainWindow created successfully
2026-07-17 20:12:43,190 [INFO] hwmonitor: System tray icon active
2026-07-17 20:12:43,190 [INFO] hwmonitor: Starting mainloop...
2026-07-17 20:12:43,289 [WARNING] core.cpu: Not running as admin. CPU temperature unavailable via LibreHardwareMonitor. Run as administrator for CPU temperature readings.
2026-07-17 20:13:28,871 [INFO] hwmonitor: App dir: C:\Users\Jweda\Desktop\projects\monitor tool\build
2026-07-17 20:13:28,871 [INFO] hwmonitor: Python: 3.12.10 (tags/v3.12.10:0cc8128, Apr  8 2025, 12:21:36) [MSC v.1943 64 bit (AMD64)]
2026-07-17 20:13:28,871 [INFO] hwmonitor: Frozen: False
2026-07-17 20:13:28,972 [INFO] hwmonitor: Config loaded. Starting Hardware Monitor...
2026-07-17 20:13:28,972 [INFO] hwmonitor: Creating MainWindow...
2026-07-17 20:13:29,060 [INFO] hwmonitor: MainWindow created successfully
2026-07-17 20:13:29,071 [INFO] hwmonitor: System tray icon active
2026-07-17 20:13:29,071 [INFO] hwmonitor: Starting mainloop...
2026-07-17 20:13:29,162 [WARNING] core.cpu: Not running as admin. CPU temperature unavailable via LibreHardwareMonitor. Run as administrator for CPU temperature readings.
2026-07-17 20:20:19,510 [INFO] hwmonitor: App dir: C:\Users\Jweda\Desktop\projects\monitor tool\build
2026-07-17 20:20:19,510 [INFO] hwmonitor: Python: 3.12.10 (tags/v3.12.10:0cc8128, Apr  8 2025, 12:21:36) [MSC v.1943 64 bit (AMD64)]
2026-07-17 20:20:19,510 [INFO] hwmonitor: Frozen: False
2026-07-17 20:20:19,570 [INFO] core.gpu: NVIDIA GPU detected: NVIDIA GeForce RTX 3070
2026-07-17 20:20:19,637 [INFO] hwmonitor: Config loaded. Starting Hardware Monitor...
2026-07-17 20:20:19,637 [INFO] hwmonitor: Creating MainWindow...
2026-07-17 20:20:19,720 [INFO] hwmonitor: MainWindow created successfully
2026-07-17 20:20:19,730 [INFO] hwmonitor: System tray icon active
2026-07-17 20:20:19,730 [INFO] hwmonitor: Starting mainloop...
2026-07-17 20:20:19,823 [WARNING] core.cpu: Not running as admin. CPU temperature unavailable via LibreHardwareMonitor. Run as administrator for CPU temperature readings.
2026-07-17 20:21:03,620 [INFO] hwmonitor: App dir: C:\Users\Jweda\Desktop\projects\monitor tool\build
2026-07-17 20:21:03,620 [INFO] hwmonitor: Python: 3.12.10 (tags/v3.12.10:0cc8128, Apr  8 2025, 12:21:36) [MSC v.1943 64 bit (AMD64)]
2026-07-17 20:21:03,620 [INFO] hwmonitor: Frozen: False
2026-07-17 20:21:03,684 [INFO] core.gpu: NVIDIA GPU detected: NVIDIA GeForce RTX 3070
2026-07-17 20:21:03,751 [INFO] hwmonitor: Config loaded. Starting Hardware Monitor...
2026-07-17 20:21:03,751 [INFO] hwmonitor: Creating MainWindow...
2026-07-17 20:21:03,836 [INFO] hwmonitor: MainWindow created successfully
2026-07-17 20:21:03,840 [INFO] hwmonitor: System tray icon active
2026-07-17 20:21:03,840 [INFO] hwmonitor: Starting mainloop...
2026-07-17 20:21:03,937 [WARNING] core.cpu: Not running as admin. CPU temperature unavailable via LibreHardwareMonitor. Run as administrator for CPU temperature readings.
2026-07-17 20:28:03,600 [INFO] hwmonitor: App dir: C:\Users\Jweda\Desktop\projects\monitor tool\build
2026-07-17 20:28:03,610 [INFO] hwmonitor: Python: 3.12.10 (tags/v3.12.10:0cc8128, Apr  8 2025, 12:21:36) [MSC v.1943 64 bit (AMD64)]
2026-07-17 20:28:03,610 [INFO] hwmonitor: Frozen: False
2026-07-17 20:28:03,670 [INFO] core.gpu: NVIDIA GPU detected: NVIDIA GeForce RTX 3070
2026-07-17 20:28:03,740 [INFO] hwmonitor: Config loaded. Starting Hardware Monitor...
2026-07-17 20:28:03,740 [INFO] hwmonitor: Creating MainWindow...
2026-07-17 20:28:03,837 [INFO] hwmonitor: MainWindow created successfully
2026-07-17 20:28:03,847 [INFO] hwmonitor: System tray icon active
2026-07-17 20:28:03,847 [INFO] hwmonitor: Starting mainloop...
2026-07-17 20:28:04,417 [INFO] core.cpu: LibreHardwareMonitor initialized
2026-07-17 20:41:45,917 [INFO] hwmonitor: App dir: C:\Users\Jweda\Desktop\projects\monitor tool\build
2026-07-17 20:41:45,917 [INFO] hwmonitor: Python: 3.12.10 (tags/v3.12.10:0cc8128, Apr  8 2025, 12:21:36) [MSC v.1943 64 bit (AMD64)]
2026-07-17 20:41:45,917 [INFO] hwmonitor: Frozen: False
2026-07-17 20:41:45,989 [INFO] core.gpu: NVIDIA GPU detected: NVIDIA GeForce RTX 3070
2026-07-17 20:41:46,057 [INFO] hwmonitor: Config loaded. Starting Hardware Monitor...
2026-07-17 20:41:46,057 [INFO] hwmonitor: Creating MainWindow...
2026-07-17 20:41:46,140 [INFO] hwmonitor: MainWindow created successfully
2026-07-17 20:41:46,157 [INFO] hwmonitor: System tray icon active
2026-07-17 20:41:46,157 [INFO] hwmonitor: Starting mainloop...
2026-07-17 20:41:46,690 [INFO] core.cpu: LibreHardwareMonitor initialized
2026-07-17 20:47:01,765 [INFO] hwmonitor: App dir: C:\Users\Jweda\Desktop\projects\monitor tool\build
2026-07-17 20:47:01,765 [INFO] hwmonitor: Python: 3.12.10 (tags/v3.12.10:0cc8128, Apr  8 2025, 12:21:36) [MSC v.1943 64 bit (AMD64)]
2026-07-17 20:47:01,768 [INFO] hwmonitor: Frozen: False
2026-07-17 20:47:01,830 [INFO] core.gpu: NVIDIA GPU detected: NVIDIA GeForce RTX 3070
2026-07-17 20:47:01,901 [INFO] hwmonitor: Config loaded. Starting Hardware Monitor...
2026-07-17 20:47:01,901 [INFO] hwmonitor: Creating MainWindow...
2026-07-17 20:47:02,006 [INFO] hwmonitor: MainWindow created successfully
2026-07-17 20:47:02,015 [INFO] hwmonitor: System tray icon active
2026-07-17 20:47:02,015 [INFO] hwmonitor: Starting mainloop...
2026-07-17 20:47:02,632 [INFO] core.cpu: LibreHardwareMonitor initialized
2026-07-17 20:57:43,912 [INFO] hwmonitor: App dir: C:\Users\Jweda\Desktop\projects\monitor tool\build
2026-07-17 20:57:43,912 [INFO] hwmonitor: Python: 3.12.10 (tags/v3.12.10:0cc8128, Apr  8 2025, 12:21:36) [MSC v.1943 64 bit (AMD64)]
2026-07-17 20:57:43,912 [INFO] hwmonitor: Frozen: False
2026-07-17 20:57:43,984 [INFO] core.gpu: NVIDIA GPU detected: NVIDIA GeForce RTX 3070
2026-07-17 20:57:44,056 [INFO] hwmonitor: Config loaded. Starting Hardware Monitor...
2026-07-17 20:57:45,149 [INFO] hwmonitor: Creating MainWindow...
2026-07-17 20:57:45,239 [INFO] hwmonitor: MainWindow created successfully
2026-07-17 20:57:45,249 [INFO] hwmonitor: System tray icon active
2026-07-17 20:57:45,249 [INFO] hwmonitor: Starting mainloop...
2026-07-17 20:57:45,768 [INFO] core.cpu: LibreHardwareMonitor initialized
2026-07-17 21:16:49,474 [INFO] hwmonitor: App dir: C:\Users\Jweda\Desktop\projects\monitor tool\build
2026-07-17 21:16:49,474 [INFO] hwmonitor: Python: 3.12.10 (tags/v3.12.10:0cc8128, Apr  8 2025, 12:21:36) [MSC v.1943 64 bit (AMD64)]
2026-07-17 21:16:49,474 [INFO] hwmonitor: Frozen: False
2026-07-17 21:16:49,552 [INFO] core.gpu: NVIDIA GPU detected: NVIDIA GeForce RTX 3070
2026-07-17 21:16:49,631 [INFO] hwmonitor: Config loaded. Starting Hardware Monitor...
2026-07-17 21:16:50,743 [INFO] hwmonitor: Creating MainWindow...
2026-07-17 21:16:50,824 [INFO] hwmonitor: MainWindow created successfully
2026-07-17 21:16:50,824 [INFO] hwmonitor: System tray icon active
2026-07-17 21:16:50,824 [INFO] hwmonitor: Starting mainloop...
2026-07-17 21:16:51,364 [INFO] core.cpu: LibreHardwareMonitor initialized
2026-07-17 21:25:04,286 [INFO] hwmonitor: App dir: C:\Users\Jweda\Desktop\projects\monitor tool\build
2026-07-17 21:25:04,286 [INFO] hwmonitor: Python: 3.12.10 (tags/v3.12.10:0cc8128, Apr  8 2025, 12:21:36) [MSC v.1943 64 bit (AMD64)]
2026-07-17 21:25:04,286 [INFO] hwmonitor: Frozen: False
2026-07-17 21:25:04,349 [INFO] core.gpu: NVIDIA GPU detected: NVIDIA GeForce RTX 3070
2026-07-17 21:25:04,434 [INFO] hwmonitor: Config loaded. Starting Hardware Monitor...
2026-07-17 21:25:05,531 [INFO] hwmonitor: Creating MainWindow...
2026-07-17 21:25:05,636 [INFO] hwmonitor: MainWindow created successfully
2026-07-17 21:25:05,647 [INFO] hwmonitor: System tray icon active
2026-07-17 21:25:05,647 [INFO] hwmonitor: Starting mainloop...
2026-07-17 21:25:06,169 [INFO] core.cpu: LibreHardwareMonitor initialized
2026-07-17 21:26:27,512 [INFO] hwmonitor: App dir: C:\Users\Jweda\Desktop\projects\monitor tool\build
2026-07-17 21:26:27,512 [INFO] hwmonitor: Python: 3.12.10 (tags/v3.12.10:0cc8128, Apr  8 2025, 12:21:36) [MSC v.1943 64 bit (AMD64)]
2026-07-17 21:26:27,512 [INFO] hwmonitor: Frozen: False
2026-07-17 21:26:27,587 [INFO] core.gpu: NVIDIA GPU detected: NVIDIA GeForce RTX 3070
2026-07-17 21:26:27,664 [INFO] hwmonitor: Config loaded. Starting Hardware Monitor...
2026-07-17 21:26:28,750 [INFO] hwmonitor: Creating MainWindow...
2026-07-17 21:26:28,839 [INFO] hwmonitor: MainWindow created successfully
2026-07-17 21:26:28,849 [INFO] hwmonitor: System tray icon active
2026-07-17 21:26:28,849 [INFO] hwmonitor: Starting mainloop...
2026-07-17 21:26:29,324 [INFO] core.cpu: LibreHardwareMonitor initialized
2026-07-17 21:40:12,110 [INFO] hwmonitor: App dir: C:\Users\Jweda\Desktop\projects\monitor tool\build
2026-07-17 21:40:12,110 [INFO] hwmonitor: Python: 3.12.10 (tags/v3.12.10:0cc8128, Apr  8 2025, 12:21:36) [MSC v.1943 64 bit (AMD64)]
2026-07-17 21:40:12,110 [INFO] hwmonitor: Frozen: False
2026-07-17 21:40:12,182 [INFO] core.gpu: NVIDIA GPU detected: NVIDIA GeForce RTX 3070
2026-07-17 21:40:12,256 [INFO] hwmonitor: Config loaded. Starting Hardware Monitor...
2026-07-17 21:40:13,349 [INFO] hwmonitor: Creating MainWindow...
2026-07-17 21:40:13,446 [INFO] hwmonitor: MainWindow created successfully
2026-07-17 21:40:13,457 [INFO] hwmonitor: System tray icon active
2026-07-17 21:40:13,457 [INFO] hwmonitor: Starting mainloop...
2026-07-17 21:43:36,544 [INFO] hwmonitor: App dir: C:\Users\Jweda\Desktop\projects\monitor tool\build
2026-07-17 21:43:36,544 [INFO] hwmonitor: Python: 3.12.10 (tags/v3.12.10:0cc8128, Apr  8 2025, 12:21:36) [MSC v.1943 64 bit (AMD64)]
2026-07-17 21:43:36,544 [INFO] hwmonitor: Frozen: False
2026-07-17 21:43:36,621 [INFO] core.gpu: NVIDIA GPU detected: NVIDIA GeForce RTX 3070
2026-07-17 21:43:36,700 [INFO] hwmonitor: Config loaded. Starting Hardware Monitor...
2026-07-17 21:43:37,816 [INFO] hwmonitor: Creating MainWindow...
2026-07-17 21:43:37,902 [INFO] hwmonitor: MainWindow created successfully
2026-07-17 21:43:37,910 [INFO] hwmonitor: System tray icon active
2026-07-17 21:43:37,910 [INFO] hwmonitor: Starting mainloop...
